2026-06-21 21:56:26 INFO  o.h.validator.internal.util.Version - HV000001: Hibernate Validator 9.1.0.Final
2026-06-21 21:56:26 INFO  com.booktrack.BackendApplication - Starting BackendApplication using Java 23.0.2 with PID 61438 (/Users/eliasmilosi/Desktop/BookTrack-AWBD/Backend/target/classes started by eliasmilosi in /Users/eliasmilosi/Desktop/BookTrack-AWBD/Backend)
2026-06-21 21:56:26 DEBUG com.booktrack.BackendApplication - Running with Spring Boot v4.1.0, Spring v7.0.8
2026-06-21 21:56:26 INFO  com.booktrack.BackendApplication - The following 1 profile is active: "dev"
2026-06-21 21:56:26 INFO  o.s.b.d.e.DevToolsPropertyDefaultsPostProcessor - Devtools property defaults active! Set 'spring.devtools.add-properties' to 'false' to disable
2026-06-21 21:56:26 INFO  o.s.b.d.e.DevToolsPropertyDefaultsPostProcessor - For additional web related logging consider setting the 'logging.level.web' property to 'DEBUG'
2026-06-21 21:56:26 INFO  o.s.d.r.c.RepositoryConfigurationDelegate - Bootstrapping Spring Data JPA repositories in DEFAULT mode.
2026-06-21 21:56:26 INFO  o.s.d.r.c.RepositoryConfigurationDelegate - Finished Spring Data repository scanning in 31 ms. Found 8 JPA repository interfaces.
2026-06-21 21:56:26 INFO  o.s.boot.tomcat.TomcatWebServer - Tomcat initialized with port 8080 (http)
2026-06-21 21:56:26 INFO  o.a.coyote.http11.Http11NioProtocol - Initializing ProtocolHandler ["http-nio-8080"]
2026-06-21 21:56:26 INFO  o.a.catalina.core.StandardService - Starting service [Tomcat]
2026-06-21 21:56:26 INFO  o.a.catalina.core.StandardEngine - Starting Servlet engine: [Apache Tomcat/11.0.22]
2026-06-21 21:56:26 INFO  o.s.b.w.c.s.WebApplicationContextInitializer - Root WebApplicationContext: initialization completed in 697 ms
2026-06-21 21:56:26 INFO  org.hibernate.orm.jpa - HHH008540: Processing PersistenceUnitInfo [name: default]
2026-06-21 21:56:26 INFO  org.hibernate.orm.core - HHH000001: Hibernate ORM core version 7.4.1.Final
2026-06-21 21:56:27 INFO  o.s.o.j.p.SpringPersistenceUnitInfo - No LoadTimeWeaver setup: ignoring JPA class transformer
2026-06-21 21:56:27 INFO  com.zaxxer.hikari.HikariDataSource - HikariPool-1 - Starting...
2026-06-21 21:56:27 INFO  com.zaxxer.hikari.pool.HikariPool - HikariPool-1 - Added connection org.postgresql.jdbc.PgConnection@6f0652a2
2026-06-21 21:56:27 INFO  com.zaxxer.hikari.HikariDataSource - HikariPool-1 - Start completed.
2026-06-21 21:56:27 WARN  org.hibernate.orm.deprecation - HHH90000025: PostgreSQLDialect does not need to be specified explicitly using 'hibernate.dialect' (remove the property setting and it will be selected by default)
2026-06-21 21:56:27 INFO  o.hibernate.orm.connections.pooling - HHH10001005: Database info:
	Database JDBC URL [jdbc:postgresql://localhost:5431/BookTrack]
	Database driver: PostgreSQL JDBC Driver
	Database dialect: PostgreSQLDialect
	Database version: 16.14
	Default catalog/schema: BookTrack/public
	Autocommit mode: undefined/unknown
	Isolation level: READ_COMMITTED [default READ_COMMITTED]
	JDBC fetch size: none
	Pool: DataSourceConnectionProvider
	Minimum pool size: undefined/unknown
	Maximum pool size: undefined/unknown
2026-06-21 21:56:27 INFO  org.hibernate.orm.core - HHH000489: No JTA platform available (set 'hibernate.transaction.jta.platform' to enable JTA platform integration)
2026-06-21 21:56:27 INFO  o.s.o.j.LocalContainerEntityManagerFactoryBean - Initialized JPA EntityManagerFactory for persistence unit 'default'
2026-06-21 21:56:27 INFO  o.s.d.j.r.q.QueryEnhancerFactories - Hibernate is in classpath; If applicable, HQL parser will be used.
2026-06-21 21:56:28 INFO  o.s.s.c.a.a.c.InitializeAuthenticationProviderBeanManagerConfigurer$InitializeAuthenticationProviderManagerConfigurer - Global AuthenticationManager configured with AuthenticationProvider bean with name authenticationProvider
2026-06-21 21:56:28 WARN  o.s.s.c.a.a.c.InitializeUserDetailsBeanManagerConfigurer$InitializeUserDetailsManagerConfigurer - Global AuthenticationManager configured with an AuthenticationProvider bean. UserDetailsService beans will not be used by Spring Security for automatically configuring username/password login. Consider removing the AuthenticationProvider bean. Alternatively, consider using the UserDetailsService in a manually instantiated DaoAuthenticationProvider. If the current configuration is intentional, to turn off this warning, increase the logging level of 'org.springframework.security.config.annotation.authentication.configuration.InitializeUserDetailsBeanManagerConfigurer' to ERROR
2026-06-21 21:56:28 INFO  o.s.b.h.a.H2ConsoleAutoConfiguration - H2 console available at '/h2-console'. Database available at 'jdbc:postgresql://localhost:5431/BookTrack'
2026-06-21 21:56:28 INFO  o.a.coyote.http11.Http11NioProtocol - Starting ProtocolHandler ["http-nio-8080"]
2026-06-21 21:56:28 INFO  o.s.boot.tomcat.TomcatWebServer - Tomcat started on port 8080 (http) with context path '/'
2026-06-21 21:56:28 INFO  com.booktrack.BackendApplication - Started BackendApplication in 2.697 seconds (process running for 2.951)
2026-06-21 21:56:38 INFO  o.a.c.c.C.[Tomcat].[localhost].[/] - Initializing Spring DispatcherServlet 'dispatcherServlet'
2026-06-21 21:56:38 INFO  o.s.web.servlet.DispatcherServlet - Initializing Servlet 'dispatcherServlet'
2026-06-21 21:56:38 INFO  o.s.web.servlet.DispatcherServlet - Completed initialization in 2 ms
2026-06-21 21:58:52 INFO  o.s.boot.tomcat.GracefulShutdown - Commencing graceful shutdown. Waiting for active requests to complete
2026-06-21 21:58:52 INFO  o.s.boot.tomcat.GracefulShutdown - Graceful shutdown complete
2026-06-21 21:58:52 INFO  o.s.o.j.LocalContainerEntityManagerFactoryBean - Closing JPA EntityManagerFactory for persistence unit 'default'
2026-06-21 21:58:52 INFO  com.zaxxer.hikari.HikariDataSource - HikariPool-1 - Shutdown initiated...
2026-06-21 21:58:52 INFO  com.zaxxer.hikari.HikariDataSource - HikariPool-1 - Shutdown completed.
2026-06-21 21:59:33 INFO  o.h.validator.internal.util.Version - HV000001: Hibernate Validator 9.1.0.Final
2026-06-21 21:59:33 INFO  com.booktrack.BackendApplication - Starting BackendApplication using Java 23.0.2 with PID 61654 (/Users/eliasmilosi/Desktop/BookTrack-AWBD/Backend/target/classes started by eliasmilosi in /Users/eliasmilosi/Desktop/BookTrack-AWBD/Backend)
2026-06-21 21:59:33 DEBUG com.booktrack.BackendApplication - Running with Spring Boot v4.1.0, Spring v7.0.8
2026-06-21 21:59:33 INFO  com.booktrack.BackendApplication - The following 1 profile is active: "dev"
2026-06-21 21:59:33 INFO  o.s.b.d.e.DevToolsPropertyDefaultsPostProcessor - Devtools property defaults active! Set 'spring.devtools.add-properties' to 'false' to disable
2026-06-21 21:59:33 INFO  o.s.b.d.e.DevToolsPropertyDefaultsPostProcessor - For additional web related logging consider setting the 'logging.level.web' property to 'DEBUG'
2026-06-21 21:59:33 INFO  o.s.d.r.c.RepositoryConfigurationDelegate - Bootstrapping Spring Data JPA repositories in DEFAULT mode.
2026-06-21 21:59:33 INFO  o.s.d.r.c.RepositoryConfigurationDelegate - Finished Spring Data repository scanning in 25 ms. Found 8 JPA repository interfaces.
2026-06-21 21:59:34 INFO  o.s.boot.tomcat.TomcatWebServer - Tomcat initialized with port 8080 (http)
2026-06-21 21:59:34 INFO  o.a.coyote.http11.Http11NioProtocol - Initializing ProtocolHandler ["http-nio-8080"]
2026-06-21 21:59:34 INFO  o.a.catalina.core.StandardService - Starting service [Tomcat]
2026-06-21 21:59:34 INFO  o.a.catalina.core.StandardEngine - Starting Servlet engine: [Apache Tomcat/11.0.22]
2026-06-21 21:59:34 INFO  o.s.b.w.c.s.WebApplicationContextInitializer - Root WebApplicationContext: initialization completed in 651 ms
2026-06-21 21:59:34 INFO  org.hibernate.orm.jpa - HHH008540: Processing PersistenceUnitInfo [name: default]
2026-06-21 21:59:34 INFO  org.hibernate.orm.core - HHH000001: Hibernate ORM core version 7.4.1.Final
2026-06-21 21:59:34 INFO  o.s.o.j.p.SpringPersistenceUnitInfo - No LoadTimeWeaver setup: ignoring JPA class transformer
2026-06-21 21:59:34 INFO  com.zaxxer.hikari.HikariDataSource - HikariPool-1 - Starting...
2026-06-21 21:59:34 INFO  com.zaxxer.hikari.pool.HikariPool - HikariPool-1 - Added connection org.postgresql.jdbc.PgConnection@218ca786
2026-06-21 21:59:34 INFO  com.zaxxer.hikari.HikariDataSource - HikariPool-1 - Start completed.
2026-06-21 21:59:34 WARN  org.hibernate.orm.deprecation - HHH90000025: PostgreSQLDialect does not need to be specified explicitly using 'hibernate.dialect' (remove the property setting and it will be selected by default)
2026-06-21 21:59:34 INFO  o.hibernate.orm.connections.pooling - HHH10001005: Database info:
	Database JDBC URL [jdbc:postgresql://localhost:5431/BookTrack]
	Database driver: PostgreSQL JDBC Driver
	Database dialect: PostgreSQLDialect
	Database version: 16.14
	Default catalog/schema: BookTrack/public
	Autocommit mode: undefined/unknown
	Isolation level: READ_COMMITTED [default READ_COMMITTED]
	JDBC fetch size: none
	Pool: DataSourceConnectionProvider
	Minimum pool size: undefined/unknown
	Maximum pool size: undefined/unknown
2026-06-21 21:59:35 INFO  org.hibernate.orm.core - HHH000489: No JTA platform available (set 'hibernate.transaction.jta.platform' to enable JTA platform integration)
2026-06-21 21:59:35 INFO  o.s.o.j.LocalContainerEntityManagerFactoryBean - Initialized JPA EntityManagerFactory for persistence unit 'default'
2026-06-21 21:59:35 INFO  o.s.d.j.r.q.QueryEnhancerFactories - Hibernate is in classpath; If applicable, HQL parser will be used.
2026-06-21 21:59:35 INFO  o.s.s.c.a.a.c.InitializeAuthenticationProviderBeanManagerConfigurer$InitializeAuthenticationProviderManagerConfigurer - Global AuthenticationManager configured with AuthenticationProvider bean with name authenticationProvider
2026-06-21 21:59:35 WARN  o.s.s.c.a.a.c.InitializeUserDetailsBeanManagerConfigurer$InitializeUserDetailsManagerConfigurer - Global AuthenticationManager configured with an AuthenticationProvider bean. UserDetailsService beans will not be used by Spring Security for automatically configuring username/password login. Consider removing the AuthenticationProvider bean. Alternatively, consider using the UserDetailsService in a manually instantiated DaoAuthenticationProvider. If the current configuration is intentional, to turn off this warning, increase the logging level of 'org.springframework.security.config.annotation.authentication.configuration.InitializeUserDetailsBeanManagerConfigurer' to ERROR
2026-06-21 21:59:35 INFO  o.s.b.h.a.H2ConsoleAutoConfiguration - H2 console available at '/h2-console'. Database available at 'jdbc:postgresql://localhost:5431/BookTrack'
2026-06-21 21:59:35 INFO  o.a.coyote.http11.Http11NioProtocol - Starting ProtocolHandler ["http-nio-8080"]
2026-06-21 21:59:35 INFO  o.s.boot.tomcat.TomcatWebServer - Tomcat started on port 8080 (http) with context path '/'
2026-06-21 21:59:35 INFO  com.booktrack.BackendApplication - Started BackendApplication in 2.548 seconds (process running for 2.774)
2026-06-21 21:59:40 INFO  o.a.c.c.C.[Tomcat].[localhost].[/] - Initializing Spring DispatcherServlet 'dispatcherServlet'
2026-06-21 21:59:40 INFO  o.s.web.servlet.DispatcherServlet - Initializing Servlet 'dispatcherServlet'
2026-06-21 21:59:40 INFO  o.s.web.servlet.DispatcherServlet - Completed initialization in 1 ms
2026-06-21 21:59:54 INFO  o.s.boot.tomcat.GracefulShutdown - Commencing graceful shutdown. Waiting for active requests to complete
2026-06-21 21:59:54 INFO  o.s.boot.tomcat.GracefulShutdown - Graceful shutdown complete
2026-06-21 21:59:54 INFO  o.s.o.j.LocalContainerEntityManagerFactoryBean - Closing JPA EntityManagerFactory for persistence unit 'default'
2026-06-21 21:59:54 INFO  com.zaxxer.hikari.HikariDataSource - HikariPool-1 - Shutdown initiated...
2026-06-21 21:59:54 INFO  com.zaxxer.hikari.HikariDataSource - HikariPool-1 - Shutdown completed.
2026-06-21 22:01:47 INFO  o.h.validator.internal.util.Version - HV000001: Hibernate Validator 9.1.0.Final
2026-06-21 22:01:47 INFO  com.booktrack.BackendApplication - Starting BackendApplication using Java 23.0.2 with PID 61779 (/Users/eliasmilosi/Desktop/BookTrack-AWBD/Backend/target/classes started by eliasmilosi in /Users/eliasmilosi/Desktop/BookTrack-AWBD/Backend)
2026-06-21 22:01:47 DEBUG com.booktrack.BackendApplication - Running with Spring Boot v4.1.0, Spring v7.0.8
2026-06-21 22:01:47 INFO  com.booktrack.BackendApplication - The following 1 profile is active: "dev"
2026-06-21 22:01:47 INFO  o.s.b.d.e.DevToolsPropertyDefaultsPostProcessor - Devtools property defaults active! Set 'spring.devtools.add-properties' to 'false' to disable
2026-06-21 22:01:47 INFO  o.s.b.d.e.DevToolsPropertyDefaultsPostProcessor - For additional web related logging consider setting the 'logging.level.web' property to 'DEBUG'
2026-06-21 22:01:48 INFO  o.s.d.r.c.RepositoryConfigurationDelegate - Bootstrapping Spring Data JPA repositories in DEFAULT mode.
2026-06-21 22:01:48 INFO  o.s.d.r.c.RepositoryConfigurationDelegate - Finished Spring Data repository scanning in 25 ms. Found 8 JPA repository interfaces.
2026-06-21 22:01:48 INFO  o.s.boot.tomcat.TomcatWebServer - Tomcat initialized with port 8080 (http)
2026-06-21 22:01:48 INFO  o.a.coyote.http11.Http11NioProtocol - Initializing ProtocolHandler ["http-nio-8080"]
2026-06-21 22:01:48 INFO  o.a.catalina.core.StandardService - Starting service [Tomcat]
2026-06-21 22:01:48 INFO  o.a.catalina.core.StandardEngine - Starting Servlet engine: [Apache Tomcat/11.0.22]
2026-06-21 22:01:48 INFO  o.s.b.w.c.s.WebApplicationContextInitializer - Root WebApplicationContext: initialization completed in 626 ms
2026-06-21 22:01:48 INFO  org.hibernate.orm.jpa - HHH008540: Processing PersistenceUnitInfo [name: default]
2026-06-21 22:01:48 INFO  org.hibernate.orm.core - HHH000001: Hibernate ORM core version 7.4.1.Final
2026-06-21 22:01:48 INFO  o.s.o.j.p.SpringPersistenceUnitInfo - No LoadTimeWeaver setup: ignoring JPA class transformer
2026-06-21 22:01:48 INFO  com.zaxxer.hikari.HikariDataSource - HikariPool-1 - Starting...
2026-06-21 22:01:48 INFO  com.zaxxer.hikari.pool.HikariPool - HikariPool-1 - Added connection org.postgresql.jdbc.PgConnection@60f6ad49
2026-06-21 22:01:48 INFO  com.zaxxer.hikari.HikariDataSource - HikariPool-1 - Start completed.
2026-06-21 22:01:48 WARN  org.hibernate.orm.deprecation - HHH90000025: PostgreSQLDialect does not need to be specified explicitly using 'hibernate.dialect' (remove the property setting and it will be selected by default)
2026-06-21 22:01:48 INFO  o.hibernate.orm.connections.pooling - HHH10001005: Database info:
	Database JDBC URL [jdbc:postgresql://localhost:5431/BookTrack]
	Database driver: PostgreSQL JDBC Driver
	Database dialect: PostgreSQLDialect
	Database version: 16.14
	Default catalog/schema: BookTrack/public
	Autocommit mode: undefined/unknown
	Isolation level: READ_COMMITTED [default READ_COMMITTED]
	JDBC fetch size: none
	Pool: DataSourceConnectionProvider
	Minimum pool size: undefined/unknown
	Maximum pool size: undefined/unknown
2026-06-21 22:01:49 INFO  org.hibernate.orm.core - HHH000489: No JTA platform available (set 'hibernate.transaction.jta.platform' to enable JTA platform integration)
2026-06-21 22:01:49 INFO  o.s.o.j.LocalContainerEntityManagerFactoryBean - Initialized JPA EntityManagerFactory for persistence unit 'default'
2026-06-21 22:01:49 INFO  o.s.d.j.r.q.QueryEnhancerFactories - Hibernate is in classpath; If applicable, HQL parser will be used.
2026-06-21 22:01:49 INFO  o.s.s.c.a.a.c.InitializeAuthenticationProviderBeanManagerConfigurer$InitializeAuthenticationProviderManagerConfigurer - Global AuthenticationManager configured with AuthenticationProvider bean with name authenticationProvider
2026-06-21 22:01:49 WARN  o.s.s.c.a.a.c.InitializeUserDetailsBeanManagerConfigurer$InitializeUserDetailsManagerConfigurer - Global AuthenticationManager configured with an AuthenticationProvider bean. UserDetailsService beans will not be used by Spring Security for automatically configuring username/password login. Consider removing the AuthenticationProvider bean. Alternatively, consider using the UserDetailsService in a manually instantiated DaoAuthenticationProvider. If the current configuration is intentional, to turn off this warning, increase the logging level of 'org.springframework.security.config.annotation.authentication.configuration.InitializeUserDetailsBeanManagerConfigurer' to ERROR
2026-06-21 22:01:49 INFO  o.s.b.h.a.H2ConsoleAutoConfiguration - H2 console available at '/h2-console'. Database available at 'jdbc:postgresql://localhost:5431/BookTrack'
2026-06-21 22:01:49 INFO  o.a.coyote.http11.Http11NioProtocol - Starting ProtocolHandler ["http-nio-8080"]
2026-06-21 22:01:49 INFO  o.s.boot.tomcat.TomcatWebServer - Tomcat started on port 8080 (http) with context path '/'
2026-06-21 22:01:49 INFO  com.booktrack.BackendApplication - Started BackendApplication in 2.466 seconds (process running for 2.702)
2026-06-21 22:01:54 INFO  o.a.c.c.C.[Tomcat].[localhost].[/] - Initializing Spring DispatcherServlet 'dispatcherServlet'
2026-06-21 22:01:54 INFO  o.s.web.servlet.DispatcherServlet - Initializing Servlet 'dispatcherServlet'
2026-06-21 22:01:54 INFO  o.s.web.servlet.DispatcherServlet - Completed initialization in 1 ms
2026-06-21 22:01:54 DEBUG com.booktrack.service.BookService - Fetching books with pageable: Page request [number: 0, size 20, sort: UNSORTED]
2026-06-21 22:01:54 WARN  o.s.d.w.c.SpringDataJackson3Configuration$PageModule$WarningLoggingModifier - Serializing PageImpl instances as-is is not supported, meaning that there is no guarantee about the stability of the resulting JSON structure!
	For a stable JSON structure, please use Spring Data's PagedModel (globally via @EnableSpringDataWebSupport(pageSerializationMode = VIA_DTO))
	or Spring HATEOAS and Spring Data's PagedResourcesAssembler as documented in https://docs.spring.io/spring-data/commons/reference/repositories/core-extensions.html#core.web.pageables.

2026-06-21 22:01:54 DEBUG com.booktrack.service.BookService - Fetching books with pageable: Page request [number: 0, size 20, sort: UNSORTED]
2026-06-21 22:01:59 DEBUG com.booktrack.service.UserService - Fetching users with pageable: Page request [number: 0, size 20, sort: UNSORTED]
2026-06-21 22:01:59 DEBUG com.booktrack.service.UserService - Fetching users with pageable: Page request [number: 0, size 20, sort: UNSORTED]
2026-06-21 22:02:06 WARN  o.s.w.s.m.s.DefaultHandlerExceptionResolver - Resolved [org.springframework.web.HttpRequestMethodNotSupportedException: Request method 'GET' is not supported]
2026-06-21 22:02:06 WARN  o.s.w.s.m.s.DefaultHandlerExceptionResolver - Resolved [org.springframework.web.HttpRequestMethodNotSupportedException: Request method 'GET' is not supported]
2026-06-21 22:02:08 DEBUG com.booktrack.service.UserService - Fetching users with pageable: Page request [number: 0, size 20, sort: UNSORTED]
2026-06-21 22:02:08 DEBUG com.booktrack.service.UserService - Fetching users with pageable: Page request [number: 0, size 20, sort: UNSORTED]
2026-06-21 22:02:10 DEBUG com.booktrack.service.BookService - Fetching books with pageable: Page request [number: 0, size 20, sort: UNSORTED]
2026-06-21 22:02:10 DEBUG com.booktrack.service.BookService - Fetching books with pageable: Page request [number: 0, size 20, sort: UNSORTED]
2026-06-21 22:02:18 DEBUG com.booktrack.service.UserService - Fetching users with pageable: Page request [number: 0, size 20, sort: UNSORTED]
2026-06-21 22:02:18 DEBUG com.booktrack.service.UserService - Fetching users with pageable: Page request [number: 0, size 20, sort: UNSORTED]
2026-06-21 22:05:05 DEBUG com.booktrack.service.BookService - Fetching books with pageable: Page request [number: 0, size 20, sort: UNSORTED]
2026-06-21 22:05:05 DEBUG com.booktrack.service.BookService - Fetching books with pageable: Page request [number: 0, size 20, sort: UNSORTED]
2026-06-21 22:05:07 DEBUG com.booktrack.service.BookService - Fetching books with pageable: Page request [number: 0, size 20, sort: UNSORTED]
2026-06-21 22:05:07 DEBUG com.booktrack.service.BookService - Fetching books with pageable: Page request [number: 0, size 20, sort: UNSORTED]
2026-06-21 22:09:47 DEBUG com.booktrack.service.BookService - Fetching books with pageable: Page request [number: 0, size 12, sort: title: ASC]
2026-06-21 22:09:47 DEBUG com.booktrack.service.BookService - Fetching books with pageable: Page request [number: 0, size 12, sort: title: ASC]
2026-06-21 22:09:51 DEBUG com.booktrack.service.BookService - Fetching books with pageable: Page request [number: 0, size 20, sort: UNSORTED]
2026-06-21 22:09:51 DEBUG com.booktrack.service.BookService - Fetching books with pageable: Page request [number: 0, size 20, sort: UNSORTED]
2026-06-21 22:10:04 DEBUG com.booktrack.service.UserService - Fetching users with pageable: Page request [number: 0, size 20, sort: UNSORTED]
2026-06-21 22:10:04 DEBUG com.booktrack.service.UserService - Fetching users with pageable: Page request [number: 0, size 20, sort: UNSORTED]
2026-06-21 22:10:25 INFO  com.booktrack.service.UserService - Creating user with email: eliasmilosi2002@gmail.com
2026-06-21 22:10:25 ERROR com.booktrack.service.UserService - Role not found with id: 1
2026-06-21 22:10:25 WARN  o.s.w.s.m.m.a.ExceptionHandlerExceptionResolver - Resolved [com.booktrack.exception.ResourceNotFoundException: Rolul nu a fost găsit.]
2026-06-21 22:14:18 DEBUG com.booktrack.service.UserService - Fetching users with pageable: Page request [number: 0, size 20, sort: UNSORTED]
2026-06-21 22:15:13 INFO  o.s.boot.tomcat.GracefulShutdown - Commencing graceful shutdown. Waiting for active requests to complete
2026-06-21 22:15:13 INFO  o.s.boot.tomcat.GracefulShutdown - Graceful shutdown complete
2026-06-21 22:15:13 INFO  o.s.o.j.LocalContainerEntityManagerFactoryBean - Closing JPA EntityManagerFactory for persistence unit 'default'
2026-06-21 22:15:13 INFO  com.zaxxer.hikari.HikariDataSource - HikariPool-1 - Shutdown initiated...
2026-06-21 22:15:13 INFO  com.zaxxer.hikari.HikariDataSource - HikariPool-1 - Shutdown completed.
2026-06-21 22:15:32 INFO  o.h.validator.internal.util.Version - HV000001: Hibernate Validator 9.1.0.Final
2026-06-21 22:15:32 INFO  com.booktrack.BackendApplication - Starting BackendApplication using Java 23.0.2 with PID 62201 (/Users/eliasmilosi/Desktop/BookTrack-AWBD/Backend/target/classes started by eliasmilosi in /Users/eliasmilosi/Desktop/BookTrack-AWBD/Backend)
2026-06-21 22:15:32 DEBUG com.booktrack.BackendApplication - Running with Spring Boot v4.1.0, Spring v7.0.8
2026-06-21 22:15:32 INFO  com.booktrack.BackendApplication - The following 1 profile is active: "dev"
2026-06-21 22:15:32 INFO  o.s.b.d.e.DevToolsPropertyDefaultsPostProcessor - Devtools property defaults active! Set 'spring.devtools.add-properties' to 'false' to disable
2026-06-21 22:15:32 INFO  o.s.b.d.e.DevToolsPropertyDefaultsPostProcessor - For additional web related logging consider setting the 'logging.level.web' property to 'DEBUG'
2026-06-21 22:15:32 INFO  o.s.d.r.c.RepositoryConfigurationDelegate - Bootstrapping Spring Data JPA repositories in DEFAULT mode.
2026-06-21 22:15:32 INFO  o.s.d.r.c.RepositoryConfigurationDelegate - Finished Spring Data repository scanning in 25 ms. Found 8 JPA repository interfaces.
2026-06-21 22:15:32 INFO  o.s.boot.tomcat.TomcatWebServer - Tomcat initialized with port 8080 (http)
2026-06-21 22:15:32 INFO  o.a.coyote.http11.Http11NioProtocol - Initializing ProtocolHandler ["http-nio-8080"]
2026-06-21 22:15:32 INFO  o.a.catalina.core.StandardService - Starting service [Tomcat]
2026-06-21 22:15:32 INFO  o.a.catalina.core.StandardEngine - Starting Servlet engine: [Apache Tomcat/11.0.22]
2026-06-21 22:15:32 INFO  o.s.b.w.c.s.WebApplicationContextInitializer - Root WebApplicationContext: initialization completed in 610 ms
2026-06-21 22:15:32 INFO  org.hibernate.orm.jpa - HHH008540: Processing PersistenceUnitInfo [name: default]
2026-06-21 22:15:32 INFO  org.hibernate.orm.core - HHH000001: Hibernate ORM core version 7.4.1.Final
2026-06-21 22:15:33 INFO  o.s.o.j.p.SpringPersistenceUnitInfo - No LoadTimeWeaver setup: ignoring JPA class transformer
2026-06-21 22:15:33 INFO  com.zaxxer.hikari.HikariDataSource - HikariPool-1 - Starting...
2026-06-21 22:15:33 INFO  com.zaxxer.hikari.pool.HikariPool - HikariPool-1 - Added connection org.postgresql.jdbc.PgConnection@72dd15f9
2026-06-21 22:15:33 INFO  com.zaxxer.hikari.HikariDataSource - HikariPool-1 - Start completed.
2026-06-21 22:15:33 WARN  org.hibernate.orm.deprecation - HHH90000025: PostgreSQLDialect does not need to be specified explicitly using 'hibernate.dialect' (remove the property setting and it will be selected by default)
2026-06-21 22:15:33 INFO  o.hibernate.orm.connections.pooling - HHH10001005: Database info:
	Database JDBC URL [jdbc:postgresql://localhost:5431/BookTrack]
	Database driver: PostgreSQL JDBC Driver
	Database dialect: PostgreSQLDialect
	Database version: 16.14
	Default catalog/schema: BookTrack/public
	Autocommit mode: undefined/unknown
	Isolation level: READ_COMMITTED [default READ_COMMITTED]
	JDBC fetch size: none
	Pool: DataSourceConnectionProvider
	Minimum pool size: undefined/unknown
	Maximum pool size: undefined/unknown
2026-06-21 22:15:33 INFO  org.hibernate.orm.core - HHH000489: No JTA platform available (set 'hibernate.transaction.jta.platform' to enable JTA platform integration)
2026-06-21 22:15:33 INFO  o.s.o.j.LocalContainerEntityManagerFactoryBean - Initialized JPA EntityManagerFactory for persistence unit 'default'
2026-06-21 22:15:33 INFO  o.s.d.j.r.q.QueryEnhancerFactories - Hibernate is in classpath; If applicable, HQL parser will be used.
2026-06-21 22:15:34 INFO  o.s.s.c.a.a.c.InitializeAuthenticationProviderBeanManagerConfigurer$InitializeAuthenticationProviderManagerConfigurer - Global AuthenticationManager configured with AuthenticationProvider bean with name authenticationProvider
2026-06-21 22:15:34 WARN  o.s.s.c.a.a.c.InitializeUserDetailsBeanManagerConfigurer$InitializeUserDetailsManagerConfigurer - Global AuthenticationManager configured with an AuthenticationProvider bean. UserDetailsService beans will not be used by Spring Security for automatically configuring username/password login. Consider removing the AuthenticationProvider bean. Alternatively, consider using the UserDetailsService in a manually instantiated DaoAuthenticationProvider. If the current configuration is intentional, to turn off this warning, increase the logging level of 'org.springframework.security.config.annotation.authentication.configuration.InitializeUserDetailsBeanManagerConfigurer' to ERROR
2026-06-21 22:15:34 INFO  o.s.b.h.a.H2ConsoleAutoConfiguration - H2 console available at '/h2-console'. Database available at 'jdbc:postgresql://localhost:5431/BookTrack'
2026-06-21 22:15:34 INFO  o.a.coyote.http11.Http11NioProtocol - Starting ProtocolHandler ["http-nio-8080"]
2026-06-21 22:15:34 INFO  o.s.boot.tomcat.TomcatWebServer - Tomcat started on port 8080 (http) with context path '/'
2026-06-21 22:15:34 INFO  com.booktrack.BackendApplication - Started BackendApplication in 2.438 seconds (process running for 2.664)
2026-06-21 22:15:41 INFO  o.a.c.c.C.[Tomcat].[localhost].[/] - Initializing Spring DispatcherServlet 'dispatcherServlet'
2026-06-21 22:15:41 INFO  o.s.web.servlet.DispatcherServlet - Initializing Servlet 'dispatcherServlet'
2026-06-21 22:15:41 INFO  o.s.web.servlet.DispatcherServlet - Completed initialization in 2 ms
2026-06-21 22:15:41 DEBUG com.booktrack.service.UserService - Fetching users with pageable: Page request [number: 0, size 20, sort: UNSORTED]
2026-06-21 22:15:41 WARN  o.s.d.w.c.SpringDataJackson3Configuration$PageModule$WarningLoggingModifier - Serializing PageImpl instances as-is is not supported, meaning that there is no guarantee about the stability of the resulting JSON structure!
	For a stable JSON structure, please use Spring Data's PagedModel (globally via @EnableSpringDataWebSupport(pageSerializationMode = VIA_DTO))
	or Spring HATEOAS and Spring Data's PagedResourcesAssembler as documented in https://docs.spring.io/spring-data/commons/reference/repositories/core-extensions.html#core.web.pageables.

2026-06-21 22:15:41 DEBUG com.booktrack.service.UserService - Fetching users with pageable: Page request [number: 0, size 20, sort: UNSORTED]
2026-06-21 22:15:50 DEBUG com.booktrack.service.UserService - Fetching users with pageable: Page request [number: 0, size 20, sort: UNSORTED]
2026-06-21 22:15:50 WARN  o.s.w.s.m.s.DefaultHandlerExceptionResolver - Resolved [org.springframework.http.converter.HttpMessageNotWritableException: Could not write JSON: Cannot lazily initialize collection of role 'com.booktrack.model.User.reviews' with key '1' (no session)]
2026-06-21 22:16:20 WARN  o.s.w.s.m.m.a.ExceptionHandlerExceptionResolver - Resolved [org.springframework.web.bind.MethodArgumentNotValidException: Validation failed for argument [0] in public com.booktrack.model.User com.booktrack.controller.AuthController.register(com.booktrack.dto.RegisterRequest) with 4 errors: [Field error in object 'registerRequest' on field 'lastName': rejected value []; codes [NotBlank.registerRequest.lastName,NotBlank.lastName,NotBlank.java.lang.String,NotBlank]; arguments [org.springframework.context.support.DefaultMessageSourceResolvable: codes [registerRequest.lastName,lastName]; arguments []; default message [lastName]]; default message [must not be blank]] [Field error in object 'registerRequest' on field 'firstName': rejected value []; codes [NotBlank.registerRequest.firstName,NotBlank.firstName,NotBlank.java.lang.String,NotBlank]; arguments [org.springframework.context.support.DefaultMessageSourceResolvable: codes [registerRequest.firstName,firstName]; arguments []; default message [firstName]]; default message [must not be blank]] [Field error in object 'registerRequest' on field 'email': rejected value []; codes [NotBlank.registerRequest.email,NotBlank.email,NotBlank.java.lang.String,NotBlank]; arguments [org.springframework.context.support.DefaultMessageSourceResolvable: codes [registerRequest.email,email]; arguments []; default message [email]]; default message [must not be blank]] [Field error in object 'registerRequest' on field 'password': rejected value []; codes [NotBlank.registerRequest.password,NotBlank.password,NotBlank.java.lang.String,NotBlank]; arguments [org.springframework.context.support.DefaultMessageSourceResolvable: codes [registerRequest.password,password]; arguments []; default message [password]]; default message [must not be blank]] ]
2026-06-21 22:19:42 INFO  o.s.boot.tomcat.GracefulShutdown - Commencing graceful shutdown. Waiting for active requests to complete
2026-06-21 22:19:42 INFO  o.s.boot.tomcat.GracefulShutdown - Graceful shutdown complete
2026-06-21 22:19:42 INFO  o.s.o.j.LocalContainerEntityManagerFactoryBean - Closing JPA EntityManagerFactory for persistence unit 'default'
2026-06-21 22:19:42 INFO  com.zaxxer.hikari.HikariDataSource - HikariPool-1 - Shutdown initiated...
2026-06-21 22:19:42 INFO  com.zaxxer.hikari.HikariDataSource - HikariPool-1 - Shutdown completed.
2026-06-21 22:21:14 INFO  o.h.validator.internal.util.Version - HV000001: Hibernate Validator 9.1.0.Final
2026-06-21 22:21:14 INFO  com.booktrack.BackendApplication - Starting BackendApplication using Java 23.0.2 with PID 62448 (/Users/eliasmilosi/Desktop/BookTrack-AWBD/Backend/target/classes started by eliasmilosi in /Users/eliasmilosi/Desktop/BookTrack-AWBD/Backend)
2026-06-21 22:21:14 DEBUG com.booktrack.BackendApplication - Running with Spring Boot v4.1.0, Spring v7.0.8
2026-06-21 22:21:14 INFO  com.booktrack.BackendApplication - The following 1 profile is active: "dev"
2026-06-21 22:21:14 INFO  o.s.b.d.e.DevToolsPropertyDefaultsPostProcessor - Devtools property defaults active! Set 'spring.devtools.add-properties' to 'false' to disable
2026-06-21 22:21:14 INFO  o.s.b.d.e.DevToolsPropertyDefaultsPostProcessor - For additional web related logging consider setting the 'logging.level.web' property to 'DEBUG'
2026-06-21 22:21:15 INFO  o.s.d.r.c.RepositoryConfigurationDelegate - Bootstrapping Spring Data JPA repositories in DEFAULT mode.
2026-06-21 22:21:15 INFO  o.s.d.r.c.RepositoryConfigurationDelegate - Finished Spring Data repository scanning in 25 ms. Found 8 JPA repository interfaces.
2026-06-21 22:21:15 INFO  o.s.boot.tomcat.TomcatWebServer - Tomcat initialized with port 8080 (http)
2026-06-21 22:21:15 INFO  o.a.coyote.http11.Http11NioProtocol - Initializing ProtocolHandler ["http-nio-8080"]
2026-06-21 22:21:15 INFO  o.a.catalina.core.StandardService - Starting service [Tomcat]
2026-06-21 22:21:15 INFO  o.a.catalina.core.StandardEngine - Starting Servlet engine: [Apache Tomcat/11.0.22]
2026-06-21 22:21:15 INFO  o.s.b.w.c.s.WebApplicationContextInitializer - Root WebApplicationContext: initialization completed in 633 ms
2026-06-21 22:21:15 INFO  org.hibernate.orm.jpa - HHH008540: Processing PersistenceUnitInfo [name: default]
2026-06-21 22:21:15 INFO  org.hibernate.orm.core - HHH000001: Hibernate ORM core version 7.4.1.Final
2026-06-21 22:21:15 INFO  o.s.o.j.p.SpringPersistenceUnitInfo - No LoadTimeWeaver setup: ignoring JPA class transformer
2026-06-21 22:21:15 INFO  com.zaxxer.hikari.HikariDataSource - HikariPool-1 - Starting...
2026-06-21 22:21:15 INFO  com.zaxxer.hikari.pool.HikariPool - HikariPool-1 - Added connection org.postgresql.jdbc.PgConnection@4b8cf170
2026-06-21 22:21:15 INFO  com.zaxxer.hikari.HikariDataSource - HikariPool-1 - Start completed.
2026-06-21 22:21:15 WARN  org.hibernate.orm.deprecation - HHH90000025: PostgreSQLDialect does not need to be specified explicitly using 'hibernate.dialect' (remove the property setting and it will be selected by default)
2026-06-21 22:21:15 INFO  o.hibernate.orm.connections.pooling - HHH10001005: Database info:
	Database JDBC URL [jdbc:postgresql://localhost:5431/BookTrack]
	Database driver: PostgreSQL JDBC Driver
	Database dialect: PostgreSQLDialect
	Database version: 16.14
	Default catalog/schema: BookTrack/public
	Autocommit mode: undefined/unknown
	Isolation level: READ_COMMITTED [default READ_COMMITTED]
	JDBC fetch size: none
	Pool: DataSourceConnectionProvider
	Minimum pool size: undefined/unknown
	Maximum pool size: undefined/unknown
2026-06-21 22:21:16 INFO  org.hibernate.orm.core - HHH000489: No JTA platform available (set 'hibernate.transaction.jta.platform' to enable JTA platform integration)
2026-06-21 22:21:16 INFO  o.s.o.j.LocalContainerEntityManagerFactoryBean - Initialized JPA EntityManagerFactory for persistence unit 'default'
2026-06-21 22:21:16 INFO  o.s.d.j.r.q.QueryEnhancerFactories - Hibernate is in classpath; If applicable, HQL parser will be used.
2026-06-21 22:21:16 INFO  o.s.s.c.a.a.c.InitializeAuthenticationProviderBeanManagerConfigurer$InitializeAuthenticationProviderManagerConfigurer - Global AuthenticationManager configured with AuthenticationProvider bean with name authenticationProvider
2026-06-21 22:21:16 WARN  o.s.s.c.a.a.c.InitializeUserDetailsBeanManagerConfigurer$InitializeUserDetailsManagerConfigurer - Global AuthenticationManager configured with an AuthenticationProvider bean. UserDetailsService beans will not be used by Spring Security for automatically configuring username/password login. Consider removing the AuthenticationProvider bean. Alternatively, consider using the UserDetailsService in a manually instantiated DaoAuthenticationProvider. If the current configuration is intentional, to turn off this warning, increase the logging level of 'org.springframework.security.config.annotation.authentication.configuration.InitializeUserDetailsBeanManagerConfigurer' to ERROR
2026-06-21 22:21:16 INFO  o.s.b.h.a.H2ConsoleAutoConfiguration - H2 console available at '/h2-console'. Database available at 'jdbc:postgresql://localhost:5431/BookTrack'
2026-06-21 22:21:16 INFO  o.a.coyote.http11.Http11NioProtocol - Starting ProtocolHandler ["http-nio-8080"]
2026-06-21 22:21:16 INFO  o.s.boot.tomcat.TomcatWebServer - Tomcat started on port 8080 (http) with context path '/'
2026-06-21 22:21:16 INFO  com.booktrack.BackendApplication - Started BackendApplication in 2.488 seconds (process running for 2.724)
2026-06-21 22:21:24 INFO  o.a.c.c.C.[Tomcat].[localhost].[/] - Initializing Spring DispatcherServlet 'dispatcherServlet'
2026-06-21 22:21:24 INFO  o.s.web.servlet.DispatcherServlet - Initializing Servlet 'dispatcherServlet'
2026-06-21 22:21:24 INFO  o.s.web.servlet.DispatcherServlet - Completed initialization in 1 ms
2026-06-21 22:21:24 DEBUG com.booktrack.service.UserService - Fetching users with pageable: Page request [number: 0, size 20, sort: UNSORTED]
2026-06-21 22:21:24 WARN  o.s.d.w.c.SpringDataJackson3Configuration$PageModule$WarningLoggingModifier - Serializing PageImpl instances as-is is not supported, meaning that there is no guarantee about the stability of the resulting JSON structure!
	For a stable JSON structure, please use Spring Data's PagedModel (globally via @EnableSpringDataWebSupport(pageSerializationMode = VIA_DTO))
	or Spring HATEOAS and Spring Data's PagedResourcesAssembler as documented in https://docs.spring.io/spring-data/commons/reference/repositories/core-extensions.html#core.web.pageables.

2026-06-21 22:21:24 DEBUG com.booktrack.service.UserService - Fetching users with pageable: Page request [number: 0, size 20, sort: UNSORTED]
2026-06-21 22:21:38 INFO  com.booktrack.service.UserService - Deleting user with id: 1
2026-06-21 22:21:38 DEBUG com.booktrack.service.UserService - Fetching user with id: 1
2026-06-21 22:21:38 INFO  com.booktrack.service.UserService - User deleted with id: 1
2026-06-21 22:21:38 DEBUG com.booktrack.service.UserService - Fetching users with pageable: Page request [number: 0, size 20, sort: UNSORTED]
2026-06-21 22:22:12 DEBUG com.booktrack.service.UserService - Fetching users with pageable: Page request [number: 0, size 20, sort: UNSORTED]
2026-06-21 22:24:43 DEBUG com.booktrack.service.UserService - Fetching users with pageable: Page request [number: 0, size 20, sort: UNSORTED]
2026-06-21 22:25:08 DEBUG com.booktrack.service.UserService - Fetching users with pageable: Page request [number: 0, size 20, sort: UNSORTED]
2026-06-21 22:25:43 DEBUG com.booktrack.service.BookService - Fetching books with pageable: Page request [number: 0, size 20, sort: UNSORTED]
2026-06-21 22:25:43 DEBUG com.booktrack.service.BookService - Fetching books with pageable: Page request [number: 0, size 20, sort: UNSORTED]
2026-06-21 22:26:06 WARN  o.s.w.s.m.s.DefaultHandlerExceptionResolver - Resolved [org.springframework.http.converter.HttpMessageNotWritableException: Could not write JSON: Cannot lazily initialize collection of role 'com.booktrack.model.Category.books' with key '1' (no session)]
2026-06-21 22:26:09 DEBUG com.booktrack.service.BookService - Fetching books with pageable: Page request [number: 0, size 12, sort: title: ASC]
2026-06-21 22:26:09 DEBUG com.booktrack.service.BookService - Fetching books with pageable: Page request [number: 0, size 12, sort: title: ASC]
2026-06-21 22:26:13 WARN  o.s.w.s.m.s.DefaultHandlerExceptionResolver - Resolved [org.springframework.web.HttpRequestMethodNotSupportedException: Request method 'GET' is not supported]
2026-06-21 22:26:13 WARN  o.s.w.s.m.s.DefaultHandlerExceptionResolver - Resolved [org.springframework.web.HttpRequestMethodNotSupportedException: Request method 'GET' is not supported]
2026-06-21 22:26:16 DEBUG com.booktrack.service.BookService - Fetching books with pageable: Page request [number: 0, size 20, sort: UNSORTED]
2026-06-21 22:26:16 DEBUG com.booktrack.service.BookService - Fetching books with pageable: Page request [number: 0, size 20, sort: UNSORTED]
2026-06-21 22:26:44 INFO  com.booktrack.service.BookService - Creating book with title: Capra
2026-06-21 22:26:44 ERROR com.booktrack.service.BookService - Author not found with id: 1
2026-06-21 22:26:44 WARN  o.s.w.s.m.m.a.ExceptionHandlerExceptionResolver - Resolved [com.booktrack.exception.ResourceNotFoundException: Autorul nu a fost găsit.]
2026-06-21 22:27:04 WARN  o.s.w.s.m.s.DefaultHandlerExceptionResolver - Resolved [org.springframework.web.HttpRequestMethodNotSupportedException: Request method 'GET' is not supported]
2026-06-21 22:27:04 WARN  o.s.w.s.m.s.DefaultHandlerExceptionResolver - Resolved [org.springframework.web.HttpRequestMethodNotSupportedException: Request method 'GET' is not supported]
2026-06-21 22:31:30 DEBUG com.booktrack.service.BookService - Fetching books with pageable: Page request [number: 0, size 12, sort: title: ASC]
2026-06-21 22:31:30 DEBUG com.booktrack.service.BookService - Fetching books with pageable: Page request [number: 0, size 12, sort: title: ASC]
2026-06-21 22:31:49 DEBUG com.booktrack.service.BookService - Fetching books with pageable: Page request [number: 0, size 12, sort: title: ASC]
2026-06-21 22:31:49 DEBUG com.booktrack.service.BookService - Fetching books with pageable: Page request [number: 0, size 12, sort: title: ASC]
